{"/Users/Aaron/Documents/BoilerTemple/test/server/server.test.js":{"path":"/Users/Aaron/Documents/BoilerTemple/test/server/server.test.js","s":{"1":1,"2":1,"3":1,"4":1,"5":1,"6":1,"7":1},"b":{},"f":{"1":1,"2":1},"fnMap":{"1":{"name":"(anonymous_1)","line":6,"loc":{"start":{"line":6,"column":27},"end":{"line":6,"column":42}}},"2":{"name":"(anonymous_2)","line":7,"loc":{"start":{"line":7,"column":37},"end":{"line":7,"column":70}}}},"statementMap":{"1":{"start":{"line":1,"column":0},"end":{"line":1,"column":38}},"2":{"start":{"line":2,"column":0},"end":{"line":2,"column":38}},"3":{"start":{"line":3,"column":0},"end":{"line":3,"column":35}},"4":{"start":{"line":6,"column":0},"end":{"line":11,"column":3}},"5":{"start":{"line":7,"column":4},"end":{"line":10,"column":6}},"6":{"start":{"line":8,"column":8},"end":{"line":8,"column":50}},"7":{"start":{"line":9,"column":8},"end":{"line":9,"column":15}}},"branchMap":{}}}